<?xml version="1.0" encoding="UTF-8"?>
<coverage generated="1260563268" phpunit="3.4.3">
  <project name="PHP_PMD - Tests" timestamp="1260563268">
    <file name="/home/manu/Desktop/workspace/PHP_PMD-git/source/PHP/PMD/RuleSetFactory.php">
      <class name="PHP_PMD_RuleSetFactory" namespace="global" fullPackage="PHP_PMD" category="PHP" package="PHP_PMD">
        <metrics methods="12" coveredmethods="12" statements="134" coveredstatements="131" elements="146" coveredelements="143"/>
      </class>
      <line num="86" type="method" name="__construct" count="29"/>
      <line num="89" type="stmt" count="29"/>
      <line num="90" type="stmt" count="29"/>
      <line num="91" type="stmt" count="29"/>
      <line num="92" type="stmt" count="29"/>
      <line num="101" type="method" name="setMinimumPriority" count="4"/>
      <line num="103" type="stmt" count="4"/>
      <line num="104" type="stmt" count="4"/>
      <line num="114" type="method" name="createRuleSets" count="27"/>
      <line num="116" type="stmt" count="27"/>
      <line num="118" type="stmt" count="27"/>
      <line num="119" type="stmt" count="27"/>
      <line num="120" type="stmt" count="27"/>
      <line num="122" type="stmt" count="23"/>
      <line num="123" type="stmt" count="23"/>
      <line num="124" type="stmt" count="23"/>
      <line num="134" type="method" name="createSingleRuleSet" count="29"/>
      <line num="136" type="stmt" count="29"/>
      <line num="137" type="stmt" count="28"/>
      <line num="148" type="method" name="_createRuleSetFileName" count="31"/>
      <line num="150" type="stmt" count="31"/>
      <line num="151" type="stmt" count="27"/>
      <line num="154" type="stmt" count="11"/>
      <line num="155" type="stmt" count="11"/>
      <line num="156" type="stmt" count="0"/>
      <line num="159" type="stmt" count="11"/>
      <line num="160" type="stmt" count="11"/>
      <line num="161" type="stmt" count="1"/>
      <line num="164" type="stmt" count="10"/>
      <line num="165" type="stmt" count="10"/>
      <line num="166" type="stmt" count="9"/>
      <line num="169" type="stmt" count="1"/>
      <line num="179" type="method" name="_parseRuleSetNode" count="28"/>
      <line num="182" type="stmt" count="28"/>
      <line num="184" type="stmt" count="28"/>
      <line num="185" type="stmt" count="28"/>
      <line num="187" type="stmt" count="1"/>
      <line num="189" type="stmt" count="1"/>
      <line num="192" type="stmt" count="27"/>
      <line num="193" type="stmt" count="27"/>
      <line num="194" type="stmt" count="27"/>
      <line num="196" type="stmt" count="27"/>
      <line num="197" type="stmt" count="27"/>
      <line num="198" type="stmt" count="27"/>
      <line num="199" type="stmt" count="27"/>
      <line num="200" type="stmt" count="27"/>
      <line num="201" type="stmt" count="25"/>
      <line num="202" type="stmt" count="27"/>
      <line num="204" type="stmt" count="25"/>
      <line num="217" type="method" name="_parseRuleNode" count="27"/>
      <line num="221" type="stmt" count="27"/>
      <line num="222" type="stmt" count="3"/>
      <line num="223" type="stmt" count="27"/>
      <line num="224" type="stmt" count="27"/>
      <line num="225" type="stmt" count="25"/>
      <line num="226" type="stmt" count="8"/>
      <line num="228" type="stmt" count="25"/>
      <line num="239" type="method" name="_parseRuleSetReferenceNode" count="3"/>
      <line num="243" type="stmt" count="3"/>
      <line num="244" type="stmt" count="3"/>
      <line num="246" type="stmt" count="3"/>
      <line num="247" type="stmt" count="3"/>
      <line num="248" type="stmt" count="3"/>
      <line num="249" type="stmt" count="3"/>
      <line num="250" type="stmt" count="3"/>
      <line num="265" type="method" name="_parseSingleRuleNode" count="27"/>
      <line num="269" type="stmt" count="27"/>
      <line num="270" type="stmt" count="27"/>
      <line num="272" type="stmt" count="27"/>
      <line num="273" type="stmt" count="2"/>
      <line num="274" type="stmt" count="2"/>
      <line num="275" type="stmt" count="1"/>
      <line num="277" type="stmt" count="1"/>
      <line num="279" type="stmt" count="1"/>
      <line num="281" type="stmt" count="1"/>
      <line num="282" type="stmt" count="1"/>
      <line num="284" type="stmt" count="0"/>
      <line num="287" type="stmt" count="25"/>
      <line num="288" type="stmt" count="25"/>
      <line num="289" type="stmt" count="25"/>
      <line num="290" type="stmt" count="25"/>
      <line num="292" type="stmt" count="25"/>
      <line num="294" type="stmt" count="25"/>
      <line num="295" type="stmt" count="25"/>
      <line num="296" type="stmt" count="25"/>
      <line num="298" type="stmt" count="25"/>
      <line num="299" type="stmt" count="25"/>
      <line num="300" type="stmt" count="25"/>
      <line num="301" type="stmt" count="25"/>
      <line num="302" type="stmt" count="0"/>
      <line num="303" type="stmt" count="25"/>
      <line num="304" type="stmt" count="25"/>
      <line num="305" type="stmt" count="25"/>
      <line num="306" type="stmt" count="25"/>
      <line num="307" type="stmt" count="25"/>
      <line num="308" type="stmt" count="25"/>
      <line num="310" type="stmt" count="25"/>
      <line num="311" type="stmt" count="25"/>
      <line num="312" type="stmt" count="25"/>
      <line num="313" type="stmt" count="25"/>
      <line num="324" type="method" name="_parseRuleReferenceNode" count="8"/>
      <line num="328" type="stmt" count="8"/>
      <line num="330" type="stmt" count="8"/>
      <line num="331" type="stmt" count="8"/>
      <line num="333" type="stmt" count="8"/>
      <line num="335" type="stmt" count="8"/>
      <line num="337" type="stmt" count="8"/>
      <line num="338" type="stmt" count="8"/>
      <line num="340" type="stmt" count="8"/>
      <line num="341" type="stmt" count="3"/>
      <line num="342" type="stmt" count="3"/>
      <line num="343" type="stmt" count="8"/>
      <line num="344" type="stmt" count="3"/>
      <line num="345" type="stmt" count="3"/>
      <line num="346" type="stmt" count="8"/>
      <line num="347" type="stmt" count="3"/>
      <line num="348" type="stmt" count="3"/>
      <line num="350" type="stmt" count="8"/>
      <line num="351" type="stmt" count="4"/>
      <line num="352" type="stmt" count="4"/>
      <line num="353" type="stmt" count="4"/>
      <line num="354" type="stmt" count="4"/>
      <line num="355" type="stmt" count="4"/>
      <line num="356" type="stmt" count="4"/>
      <line num="357" type="stmt" count="4"/>
      <line num="358" type="stmt" count="4"/>
      <line num="359" type="stmt" count="4"/>
      <line num="360" type="stmt" count="8"/>
      <line num="362" type="stmt" count="8"/>
      <line num="363" type="stmt" count="8"/>
      <line num="364" type="stmt" count="8"/>
      <line num="365" type="stmt" count="8"/>
      <line num="386" type="method" name="_parsePropertiesNode" count="25"/>
      <line num="390" type="stmt" count="25"/>
      <line num="391" type="stmt" count="4"/>
      <line num="392" type="stmt" count="4"/>
      <line num="393" type="stmt" count="4"/>
      <line num="394" type="stmt" count="25"/>
      <line num="395" type="stmt" count="25"/>
      <line num="405" type="method" name="_addProperty" count="4"/>
      <line num="409" type="stmt" count="4"/>
      <line num="410" type="stmt" count="4"/>
      <line num="411" type="stmt" count="4"/>
      <line num="412" type="stmt" count="4"/>
      <line num="413" type="stmt" count="4"/>
      <line num="414" type="stmt" count="4"/>
      <metrics loc="414" ncloc="231" classes="1" methods="12" coveredmethods="12" statements="134" coveredstatements="131" elements="146" coveredelements="143"/>
    </file>
    <file name="/home/manu/Desktop/workspace/PHP_PMD-git/source/PHP/PMD/Renderer/XMLRenderer.php">
      <class name="PHP_PMD_Renderer_XMLRenderer" namespace="global" fullPackage="PHP_PMD.Renderer" category="PHP" package="PHP_PMD" subpackage="Renderer">
        <metrics methods="4" coveredmethods="0" statements="42" coveredstatements="0" elements="46" coveredelements="0"/>
      </class>
      <line num="79" type="method" name="start" count="0"/>
      <line num="81" type="stmt" count="0"/>
      <line num="82" type="stmt" count="0"/>
      <line num="83" type="stmt" count="0"/>
      <line num="93" type="method" name="renderReport" count="0"/>
      <line num="95" type="stmt" count="0"/>
      <line num="96" type="stmt" count="0"/>
      <line num="97" type="stmt" count="0"/>
      <line num="98" type="stmt" count="0"/>
      <line num="100" type="stmt" count="0"/>
      <line num="101" type="stmt" count="0"/>
      <line num="103" type="stmt" count="0"/>
      <line num="105" type="stmt" count="0"/>
      <line num="106" type="stmt" count="0"/>
      <line num="107" type="stmt" count="0"/>
      <line num="109" type="stmt" count="0"/>
      <line num="111" type="stmt" count="0"/>
      <line num="112" type="stmt" count="0"/>
      <line num="114" type="stmt" count="0"/>
      <line num="116" type="stmt" count="0"/>
      <line num="117" type="stmt" count="0"/>
      <line num="118" type="stmt" count="0"/>
      <line num="119" type="stmt" count="0"/>
      <line num="120" type="stmt" count="0"/>
      <line num="122" type="stmt" count="0"/>
      <line num="123" type="stmt" count="0"/>
      <line num="124" type="stmt" count="0"/>
      <line num="125" type="stmt" count="0"/>
      <line num="126" type="stmt" count="0"/>
      <line num="129" type="stmt" count="0"/>
      <line num="130" type="stmt" count="0"/>
      <line num="131" type="stmt" count="0"/>
      <line num="132" type="stmt" count="0"/>
      <line num="133" type="stmt" count="0"/>
      <line num="136" type="stmt" count="0"/>
      <line num="137" type="stmt" count="0"/>
      <line num="138" type="stmt" count="0"/>
      <line num="140" type="stmt" count="0"/>
      <line num="141" type="stmt" count="0"/>
      <line num="149" type="method" name="end" count="0"/>
      <line num="152" type="stmt" count="0"/>
      <line num="163" type="method" name="_maybeAdd" count="0"/>
      <line num="165" type="stmt" count="0"/>
      <line num="166" type="stmt" count="0"/>
      <line num="168" type="stmt" count="0"/>
      <line num="169" type="stmt" count="0"/>
      <metrics loc="169" ncloc="68" classes="1" methods="4" coveredmethods="0" statements="42" coveredstatements="0" elements="46" coveredelements="0"/>
    </file>
    <file name="/home/manu/Desktop/workspace/PHP_PMD-git/source/PHP/PMD/RuleClassNotFoundException.php">
      <class name="PHP_PMD_RuleClassNotFoundException" namespace="global" fullPackage="PHP_PMD" category="PHP" package="PHP_PMD">
        <metrics methods="1" coveredmethods="1" statements="2" coveredstatements="2" elements="3" coveredelements="3"/>
      </class>
      <line num="66" type="method" name="__construct" count="1"/>
      <line num="68" type="stmt" count="1"/>
      <line num="69" type="stmt" count="1"/>
      <metrics loc="69" ncloc="8" classes="1" methods="1" coveredmethods="1" statements="2" coveredstatements="2" elements="3" coveredelements="3"/>
    </file>
    <file name="/home/manu/Desktop/workspace/PHP_PMD-git/source/PHP/PMD/RuleClassFileNotFoundException.php">
      <class name="PHP_PMD_RuleClassFileNotFoundException" namespace="global" fullPackage="PHP_PMD" category="PHP" package="PHP_PMD">
        <metrics methods="1" coveredmethods="1" statements="2" coveredstatements="2" elements="3" coveredelements="3"/>
      </class>
      <line num="67" type="method" name="__construct" count="1"/>
      <line num="69" type="stmt" count="1"/>
      <line num="70" type="stmt" count="1"/>
      <metrics loc="70" ncloc="8" classes="1" methods="1" coveredmethods="1" statements="2" coveredstatements="2" elements="3" coveredelements="3"/>
    </file>
    <file name="/home/manu/Desktop/workspace/PHP_PMD-git/source/PHP/PMD/Node/Method.php">
      <class name="PHP_PMD_Node_Method" namespace="global" fullPackage="PHP_PMD.Node" category="PHP" package="PHP_PMD" subpackage="Node">
        <metrics methods="3" coveredmethods="0" statements="4" coveredstatements="0" elements="7" coveredelements="0"/>
      </class>
      <line num="70" type="method" name="__construct" count="0"/>
      <line num="72" type="stmt" count="0"/>
      <line num="73" type="stmt" count="0"/>
      <line num="80" type="method" name="getPackageName" count="0"/>
      <line num="82" type="stmt" count="0"/>
      <line num="91" type="method" name="getParentName" count="0"/>
      <line num="93" type="stmt" count="0"/>
      <metrics loc="94" ncloc="20" classes="1" methods="3" coveredmethods="0" statements="4" coveredstatements="0" elements="7" coveredelements="0"/>
    </file>
    <file name="/home/manu/Desktop/workspace/PHP_PMD-git/source/PHP/PMD/Writer/Stream.php">
      <class name="PHP_PMD_Writer_Stream" namespace="global" fullPackage="PHP_PMD.Writer" category="PHP" package="PHP_PMD" subpackage="Writer">
        <metrics methods="3" coveredmethods="0" statements="19" coveredstatements="0" elements="22" coveredelements="0"/>
      </class>
      <line num="78" type="method" name="__construct" count="0"/>
      <line num="80" type="stmt" count="0"/>
      <line num="81" type="stmt" count="0"/>
      <line num="82" type="stmt" count="0"/>
      <line num="83" type="stmt" count="0"/>
      <line num="84" type="stmt" count="0"/>
      <line num="85" type="stmt" count="0"/>
      <line num="86" type="stmt" count="0"/>
      <line num="87" type="stmt" count="0"/>
      <line num="88" type="stmt" count="0"/>
      <line num="89" type="stmt" count="0"/>
      <line num="92" type="stmt" count="0"/>
      <line num="94" type="stmt" count="0"/>
      <line num="99" type="method" name="__destruct" count="0"/>
      <line num="101" type="stmt" count="0"/>
      <line num="102" type="stmt" count="0"/>
      <line num="103" type="stmt" count="0"/>
      <line num="104" type="stmt" count="0"/>
      <line num="105" type="stmt" count="0"/>
      <line num="114" type="method" name="write" count="0"/>
      <line num="116" type="stmt" count="0"/>
      <line num="117" type="stmt" count="0"/>
      <metrics loc="117" ncloc="38" classes="1" methods="3" coveredmethods="0" statements="19" coveredstatements="0" elements="22" coveredelements="0"/>
    </file>
    <file name="/home/manu/Desktop/workspace/PHP_PMD-git/source/PHP/PMD/AbstractRenderer.php">
      <class name="PHP_PMD_AbstractRenderer" namespace="global" fullPackage="PHP_PMD" category="PHP" package="PHP_PMD">
        <metrics methods="2" coveredmethods="0" statements="3" coveredstatements="0" elements="5" coveredelements="0"/>
      </class>
      <line num="73" type="method" name="getWriter" count="0"/>
      <line num="75" type="stmt" count="0"/>
      <line num="85" type="method" name="setWriter" count="0"/>
      <line num="87" type="stmt" count="0"/>
      <line num="88" type="stmt" count="0"/>
      <metrics loc="114" ncloc="21" classes="1" methods="2" coveredmethods="0" statements="3" coveredstatements="0" elements="5" coveredelements="0"/>
    </file>
    <file name="/home/manu/Desktop/workspace/PHP_PMD-git/source/PHP/PMD/Rule/Design/LongParameterList.php">
      <class name="PHP_PMD_Rule_Design_LongParameterList" namespace="global" fullPackage="PHP_PMD.Rule_Design" category="PHP" package="PHP_PMD" subpackage="Rule_Design">
        <metrics methods="1" coveredmethods="1" statements="4" coveredstatements="4" elements="5" coveredelements="5"/>
      </class>
      <line num="78" type="method" name="apply" count="6"/>
      <line num="80" type="stmt" count="6"/>
      <line num="81" type="stmt" count="2"/>
      <line num="84" type="stmt" count="4"/>
      <line num="85" type="stmt" count="4"/>
      <metrics loc="85" ncloc="19" classes="1" methods="1" coveredmethods="1" statements="4" coveredstatements="4" elements="5" coveredelements="5"/>
    </file>
    <file name="/home/manu/Desktop/workspace/PHP_PMD-git/source/PHP/PMD/Rule/Design/NpathComplexity.php">
      <class name="PHP_PMD_Rule_Design_NpathComplexity" namespace="global" fullPackage="PHP_PMD.Rule_Design" category="PHP" package="PHP_PMD" subpackage="Rule_Design">
        <metrics methods="1" coveredmethods="0" statements="10" coveredstatements="0" elements="11" coveredelements="0"/>
      </class>
      <line num="79" type="method" name="apply" count="0"/>
      <line num="81" type="stmt" count="0"/>
      <line num="82" type="stmt" count="0"/>
      <line num="83" type="stmt" count="0"/>
      <line num="86" type="stmt" count="0"/>
      <line num="87" type="stmt" count="0"/>
      <line num="89" type="stmt" count="0"/>
      <line num="90" type="stmt" count="0"/>
      <line num="92" type="stmt" count="0"/>
      <line num="93" type="stmt" count="0"/>
      <line num="94" type="stmt" count="0"/>
      <metrics loc="95" ncloc="28" classes="1" methods="1" coveredmethods="0" statements="10" coveredstatements="0" elements="11" coveredelements="0"/>
    </file>
    <file name="/home/manu/Desktop/workspace/PHP_PMD-git/source/PHP/PMD/RuleSetNotFoundException.php">
      <class name="PHP_PMD_RuleSetNotFoundException" namespace="global" fullPackage="PHP_PMD" category="PHP" package="PHP_PMD">
        <metrics methods="1" coveredmethods="1" statements="2" coveredstatements="2" elements="3" coveredelements="3"/>
      </class>
      <line num="66" type="method" name="__construct" count="1"/>
      <line num="68" type="stmt" count="1"/>
      <line num="69" type="stmt" count="1"/>
      <metrics loc="69" ncloc="8" classes="1" methods="1" coveredmethods="1" statements="2" coveredstatements="2" elements="3" coveredelements="3"/>
    </file>
    <file name="/home/manu/Desktop/workspace/PHP_PMD-git/source/PHP/PMD/Rule/Design/LongClass.php">
      <class name="PHP_PMD_Rule_Design_LongClass" namespace="global" fullPackage="PHP_PMD.Rule_Design" category="PHP" package="PHP_PMD" subpackage="Rule_Design">
        <metrics methods="1" coveredmethods="0" statements="5" coveredstatements="0" elements="6" coveredelements="0"/>
      </class>
      <line num="76" type="method" name="apply" count="0"/>
      <line num="78" type="stmt" count="0"/>
      <line num="79" type="stmt" count="0"/>
      <line num="80" type="stmt" count="0"/>
      <line num="83" type="stmt" count="0"/>
      <line num="84" type="stmt" count="0"/>
      <metrics loc="84" ncloc="18" classes="1" methods="1" coveredmethods="0" statements="5" coveredstatements="0" elements="6" coveredelements="0"/>
    </file>
    <file name="/home/manu/Desktop/workspace/PHP_PMD-git/source/PHP/PMD/Node/AbstractClassOrInterface.php">
      <class name="PHP_PMD_Node_AbstractClassOrInterface" namespace="global" fullPackage="PHP_PMD.Node" category="PHP" package="PHP_PMD" subpackage="Node">
        <metrics methods="5" coveredmethods="0" statements="6" coveredstatements="0" elements="11" coveredelements="0"/>
      </class>
      <line num="70" type="method" name="__construct" count="0"/>
      <line num="72" type="stmt" count="0"/>
      <line num="73" type="stmt" count="0"/>
      <line num="80" type="method" name="getMethodCount" count="0"/>
      <line num="82" type="stmt" count="0"/>
      <line num="90" type="method" name="getConstantCount" count="0"/>
      <line num="92" type="stmt" count="0"/>
      <line num="100" type="method" name="getPackageName" count="0"/>
      <line num="102" type="stmt" count="0"/>
      <line num="111" type="method" name="getParentName" count="0"/>
      <line num="113" type="stmt" count="0"/>
      <metrics loc="121" ncloc="32" classes="1" methods="5" coveredmethods="0" statements="6" coveredstatements="0" elements="11" coveredelements="0"/>
    </file>
    <file name="/home/manu/Desktop/workspace/PHP_PMD-git/source/PHP/PMD/AbstractNode.php">
      <class name="PHP_PMD_AbstractNode" namespace="global" fullPackage="PHP_PMD" category="PHP" package="PHP_PMD">
        <metrics methods="10" coveredmethods="0" statements="17" coveredstatements="0" elements="27" coveredelements="0"/>
      </class>
      <line num="80" type="method" name="__construct" count="0"/>
      <line num="82" type="stmt" count="0"/>
      <line num="83" type="stmt" count="0"/>
      <line num="91" type="method" name="getName" count="0"/>
      <line num="93" type="stmt" count="0"/>
      <line num="101" type="method" name="getBeginLine" count="0"/>
      <line num="103" type="stmt" count="0"/>
      <line num="111" type="method" name="getEndLine" count="0"/>
      <line num="113" type="stmt" count="0"/>
      <line num="121" type="method" name="getFileName" count="0"/>
      <line num="123" type="stmt" count="0"/>
      <line num="131" type="method" name="getTokens" count="0"/>
      <line num="133" type="stmt" count="0"/>
      <line num="141" type="method" name="getNode" count="0"/>
      <line num="143" type="stmt" count="0"/>
      <line num="151" type="method" name="getType" count="0"/>
      <line num="153" type="stmt" count="0"/>
      <line num="154" type="stmt" count="0"/>
      <line num="165" type="method" name="getMetric" count="0"/>
      <line num="167" type="stmt" count="0"/>
      <line num="168" type="stmt" count="0"/>
      <line num="170" type="stmt" count="0"/>
      <line num="180" type="method" name="setMetrics" count="0"/>
      <line num="182" type="stmt" count="0"/>
      <line num="183" type="stmt" count="0"/>
      <line num="184" type="stmt" count="0"/>
      <line num="185" type="stmt" count="0"/>
      <metrics loc="200" ncloc="67" classes="1" methods="10" coveredmethods="0" statements="17" coveredstatements="0" elements="27" coveredelements="0"/>
    </file>
    <file name="/home/manu/Desktop/workspace/PHP_PMD-git/source/PHP/PMD/Node/Class.php">
      <class name="PHP_PMD_Node_Class" namespace="global" fullPackage="PHP_PMD.Node" category="PHP" package="PHP_PMD" subpackage="Node">
        <metrics methods="2" coveredmethods="0" statements="3" coveredstatements="0" elements="5" coveredelements="0"/>
      </class>
      <line num="70" type="method" name="__construct" count="0"/>
      <line num="72" type="stmt" count="0"/>
      <line num="73" type="stmt" count="0"/>
      <line num="80" type="method" name="getPropertyCount" count="0"/>
      <line num="82" type="stmt" count="0"/>
      <metrics loc="84" ncloc="16" classes="1" methods="2" coveredmethods="0" statements="3" coveredstatements="0" elements="5" coveredelements="0"/>
    </file>
    <file name="/home/manu/Desktop/workspace/PHP_PMD-git/source/PHP/PMD/Report.php">
      <class name="PHP_PMD_Report" namespace="global" fullPackage="PHP_PMD" category="PHP" package="PHP_PMD">
        <metrics methods="5" coveredmethods="0" statements="24" coveredstatements="0" elements="29" coveredelements="0"/>
      </class>
      <line num="90" type="method" name="addRuleViolation" count="0"/>
      <line num="92" type="stmt" count="0"/>
      <line num="93" type="stmt" count="0"/>
      <line num="94" type="stmt" count="0"/>
      <line num="95" type="stmt" count="0"/>
      <line num="97" type="stmt" count="0"/>
      <line num="98" type="stmt" count="0"/>
      <line num="99" type="stmt" count="0"/>
      <line num="100" type="stmt" count="0"/>
      <line num="102" type="stmt" count="0"/>
      <line num="103" type="stmt" count="0"/>
      <line num="110" type="method" name="getRuleViolations" count="0"/>
      <line num="113" type="stmt" count="0"/>
      <line num="115" type="stmt" count="0"/>
      <line num="116" type="stmt" count="0"/>
      <line num="118" type="stmt" count="0"/>
      <line num="120" type="stmt" count="0"/>
      <line num="121" type="stmt" count="0"/>
      <line num="122" type="stmt" count="0"/>
      <line num="123" type="stmt" count="0"/>
      <line num="125" type="stmt" count="0"/>
      <line num="133" type="method" name="start" count="0"/>
      <line num="135" type="stmt" count="0"/>
      <line num="136" type="stmt" count="0"/>
      <line num="143" type="method" name="end" count="0"/>
      <line num="145" type="stmt" count="0"/>
      <line num="146" type="stmt" count="0"/>
      <line num="153" type="method" name="getElapsedTimeInMillis" count="0"/>
      <line num="155" type="stmt" count="0"/>
      <metrics loc="156" ncloc="53" classes="1" methods="5" coveredmethods="0" statements="24" coveredstatements="0" elements="29" coveredelements="0"/>
    </file>
    <file name="/home/manu/Desktop/workspace/PHP_PMD-git/source/PHP/PMD/AbstractRule.php">
      <class name="PHP_PMD_AbstractRule" namespace="global" fullPackage="PHP_PMD" category="PHP" package="PHP_PMD">
        <metrics methods="21" coveredmethods="0" statements="42" coveredstatements="0" elements="63" coveredelements="0"/>
      </class>
      <line num="156" type="method" name="getName" count="0"/>
      <line num="158" type="stmt" count="0"/>
      <line num="168" type="method" name="setName" count="0"/>
      <line num="170" type="stmt" count="0"/>
      <line num="171" type="stmt" count="0"/>
      <line num="178" type="method" name="getSince" count="0"/>
      <line num="180" type="stmt" count="0"/>
      <line num="190" type="method" name="setSince" count="0"/>
      <line num="192" type="stmt" count="0"/>
      <line num="193" type="stmt" count="0"/>
      <line num="200" type="method" name="getMessage" count="0"/>
      <line num="202" type="stmt" count="0"/>
      <line num="212" type="method" name="setMessage" count="0"/>
      <line num="214" type="stmt" count="0"/>
      <line num="215" type="stmt" count="0"/>
      <line num="222" type="method" name="getExternalInfoUrl" count="0"/>
      <line num="224" type="stmt" count="0"/>
      <line num="234" type="method" name="setExternalInfoUrl" count="0"/>
      <line num="236" type="stmt" count="0"/>
      <line num="237" type="stmt" count="0"/>
      <line num="244" type="method" name="getDescription" count="0"/>
      <line num="246" type="stmt" count="0"/>
      <line num="256" type="method" name="setDescription" count="0"/>
      <line num="258" type="stmt" count="0"/>
      <line num="259" type="stmt" count="0"/>
      <line num="266" type="method" name="getExamples" count="0"/>
      <line num="268" type="stmt" count="0"/>
      <line num="278" type="method" name="addExample" count="0"/>
      <line num="280" type="stmt" count="0"/>
      <line num="281" type="stmt" count="0"/>
      <line num="288" type="method" name="getPriority" count="0"/>
      <line num="290" type="stmt" count="0"/>
      <line num="300" type="method" name="setPriority" count="0"/>
      <line num="302" type="stmt" count="0"/>
      <line num="303" type="stmt" count="0"/>
      <line num="310" type="method" name="getRuleSetName" count="0"/>
      <line num="312" type="stmt" count="0"/>
      <line num="322" type="method" name="setRuleSetName" count="0"/>
      <line num="324" type="stmt" count="0"/>
      <line num="325" type="stmt" count="0"/>
      <line num="332" type="method" name="getReport" count="0"/>
      <line num="334" type="stmt" count="0"/>
      <line num="344" type="method" name="setReport" count="0"/>
      <line num="346" type="stmt" count="0"/>
      <line num="347" type="stmt" count="0"/>
      <line num="357" type="method" name="addProperty" count="0"/>
      <line num="359" type="stmt" count="0"/>
      <line num="360" type="stmt" count="0"/>
      <line num="371" type="method" name="getIntProperty" count="0"/>
      <line num="373" type="stmt" count="0"/>
      <line num="374" type="stmt" count="0"/>
      <line num="376" type="stmt" count="0"/>
      <line num="391" type="method" name="addViolation" count="0"/>
      <line num="395" type="stmt" count="0"/>
      <line num="396" type="stmt" count="0"/>
      <line num="397" type="stmt" count="0"/>
      <line num="398" type="stmt" count="0"/>
      <line num="399" type="stmt" count="0"/>
      <line num="400" type="stmt" count="0"/>
      <line num="402" type="stmt" count="0"/>
      <line num="404" type="stmt" count="0"/>
      <line num="405" type="stmt" count="0"/>
      <line num="406" type="stmt" count="0"/>
      <metrics loc="416" ncloc="157" classes="1" methods="21" coveredmethods="0" statements="42" coveredstatements="0" elements="63" coveredelements="0"/>
    </file>
    <file name="/home/manu/Desktop/workspace/PHP_PMD-git/source/PHP/PMD.php">
      <class name="PHP_PMD" namespace="global" fullPackage="PHP_PMD" category="PHP" package="PHP_PMD">
        <metrics methods="4" coveredmethods="0" statements="38" coveredstatements="0" elements="42" coveredelements="0"/>
      </class>
      <line num="96" type="method" name="setFileExtensions" count="0"/>
      <line num="98" type="stmt" count="0"/>
      <line num="99" type="stmt" count="0"/>
      <line num="109" type="method" name="setIgnorePattern" count="0"/>
      <line num="111" type="stmt" count="0"/>
      <line num="112" type="stmt" count="0"/>
      <line num="126" type="method" name="processFiles" count="0"/>
      <line num="132" type="stmt" count="0"/>
      <line num="134" type="stmt" count="0"/>
      <line num="136" type="stmt" count="0"/>
      <line num="137" type="stmt" count="0"/>
      <line num="139" type="stmt" count="0"/>
      <line num="140" type="stmt" count="0"/>
      <line num="141" type="stmt" count="0"/>
      <line num="143" type="stmt" count="0"/>
      <line num="144" type="stmt" count="0"/>
      <line num="145" type="stmt" count="0"/>
      <line num="147" type="stmt" count="0"/>
      <line num="148" type="stmt" count="0"/>
      <line num="149" type="stmt" count="0"/>
      <line num="151" type="stmt" count="0"/>
      <line num="152" type="stmt" count="0"/>
      <line num="153" type="stmt" count="0"/>
      <line num="155" type="stmt" count="0"/>
      <line num="156" type="stmt" count="0"/>
      <line num="157" type="stmt" count="0"/>
      <line num="159" type="stmt" count="0"/>
      <line num="160" type="stmt" count="0"/>
      <line num="161" type="stmt" count="0"/>
      <line num="162" type="stmt" count="0"/>
      <line num="171" type="method" name="_createPhpDepend" count="0"/>
      <line num="173" type="stmt" count="0"/>
      <line num="174" type="stmt" count="0"/>
      <line num="176" type="stmt" count="0"/>
      <line num="177" type="stmt" count="0"/>
      <line num="178" type="stmt" count="0"/>
      <line num="179" type="stmt" count="0"/>
      <line num="181" type="stmt" count="0"/>
      <line num="182" type="stmt" count="0"/>
      <line num="183" type="stmt" count="0"/>
      <line num="184" type="stmt" count="0"/>
      <line num="186" type="stmt" count="0"/>
      <metrics loc="187" ncloc="84" classes="1" methods="4" coveredmethods="0" statements="38" coveredstatements="0" elements="42" coveredelements="0"/>
    </file>
    <file name="/home/manu/Desktop/workspace/PHP_PMD-git/source/PHP/PMD/RuleViolation.php">
      <class name="PHP_PMD_RuleViolation" namespace="global" fullPackage="PHP_PMD" category="PHP" package="PHP_PMD">
        <metrics methods="10" coveredmethods="0" statements="20" coveredstatements="0" elements="30" coveredelements="0"/>
      </class>
      <line num="105" type="method" name="__construct" count="0"/>
      <line num="110" type="stmt" count="0"/>
      <line num="111" type="stmt" count="0"/>
      <line num="112" type="stmt" count="0"/>
      <line num="113" type="stmt" count="0"/>
      <line num="115" type="stmt" count="0"/>
      <line num="116" type="stmt" count="0"/>
      <line num="117" type="stmt" count="0"/>
      <line num="118" type="stmt" count="0"/>
      <line num="119" type="stmt" count="0"/>
      <line num="120" type="stmt" count="0"/>
      <line num="122" type="stmt" count="0"/>
      <line num="129" type="method" name="getRule" count="0"/>
      <line num="131" type="stmt" count="0"/>
      <line num="139" type="method" name="getDescription" count="0"/>
      <line num="141" type="stmt" count="0"/>
      <line num="149" type="method" name="getFileName" count="0"/>
      <line num="151" type="stmt" count="0"/>
      <line num="159" type="method" name="getBeginLine" count="0"/>
      <line num="161" type="stmt" count="0"/>
      <line num="169" type="method" name="getEndLine" count="0"/>
      <line num="171" type="stmt" count="0"/>
      <line num="179" type="method" name="getPackageName" count="0"/>
      <line num="181" type="stmt" count="0"/>
      <line num="190" type="method" name="getClassName" count="0"/>
      <line num="192" type="stmt" count="0"/>
      <line num="201" type="method" name="getMethodName" count="0"/>
      <line num="203" type="stmt" count="0"/>
      <line num="212" type="method" name="getFunctionName" count="0"/>
      <line num="214" type="stmt" count="0"/>
      <metrics loc="215" ncloc="77" classes="1" methods="10" coveredmethods="0" statements="20" coveredstatements="0" elements="30" coveredelements="0"/>
    </file>
    <file name="/home/manu/Desktop/workspace/PHP_PMD-git/source/PHP/PMD/Adapter/Metrics.php">
      <class name="PHP_PMD_Adapter_Metrics" namespace="global" fullPackage="PHP_PMD.Adapter" category="PHP" package="PHP_PMD" subpackage="Adapter">
        <metrics methods="11" coveredmethods="0" statements="39" coveredstatements="0" elements="50" coveredelements="0"/>
      </class>
      <line num="110" type="method" name="addRuleSet" count="0"/>
      <line num="112" type="stmt" count="0"/>
      <line num="113" type="stmt" count="0"/>
      <line num="122" type="method" name="setReport" count="0"/>
      <line num="124" type="stmt" count="0"/>
      <line num="125" type="stmt" count="0"/>
      <line num="135" type="method" name="log" count="0"/>
      <line num="137" type="stmt" count="0"/>
      <line num="138" type="stmt" count="0"/>
      <line num="146" type="method" name="close" count="0"/>
      <line num="148" type="stmt" count="0"/>
      <line num="149" type="stmt" count="0"/>
      <line num="150" type="stmt" count="0"/>
      <line num="151" type="stmt" count="0"/>
      <line num="159" type="method" name="getAcceptedAnalyzers" count="0"/>
      <line num="161" type="stmt" count="0"/>
      <line num="172" type="method" name="visitClass" count="0"/>
      <line num="174" type="stmt" count="0"/>
      <line num="175" type="stmt" count="0"/>
      <line num="178" type="stmt" count="0"/>
      <line num="179" type="stmt" count="0"/>
      <line num="180" type="stmt" count="0"/>
      <line num="190" type="method" name="visitFunction" count="0"/>
      <line num="192" type="stmt" count="0"/>
      <line num="193" type="stmt" count="0"/>
      <line num="196" type="stmt" count="0"/>
      <line num="197" type="stmt" count="0"/>
      <line num="207" type="method" name="visitMethod" count="0"/>
      <line num="209" type="stmt" count="0"/>
      <line num="210" type="stmt" count="0"/>
      <line num="213" type="stmt" count="0"/>
      <line num="214" type="stmt" count="0"/>
      <line num="223" type="method" name="setCode" count="0"/>
      <line num="225" type="stmt" count="0"/>
      <line num="226" type="stmt" count="0"/>
      <line num="235" type="method" name="_apply" count="0"/>
      <line num="237" type="stmt" count="0"/>
      <line num="238" type="stmt" count="0"/>
      <line num="239" type="stmt" count="0"/>
      <line num="240" type="stmt" count="0"/>
      <line num="241" type="stmt" count="0"/>
      <line num="242" type="stmt" count="0"/>
      <line num="252" type="method" name="_collectMetrics" count="0"/>
      <line num="254" type="stmt" count="0"/>
      <line num="256" type="stmt" count="0"/>
      <line num="257" type="stmt" count="0"/>
      <line num="258" type="stmt" count="0"/>
      <line num="259" type="stmt" count="0"/>
      <line num="260" type="stmt" count="0"/>
      <line num="261" type="stmt" count="0"/>
      <metrics loc="261" ncloc="103" classes="1" methods="11" coveredmethods="0" statements="39" coveredstatements="0" elements="50" coveredelements="0"/>
    </file>
    <file name="/home/manu/Desktop/workspace/PHP_PMD-git/source/PHP/PMD/Node/AbstractMethodOrFunction.php">
      <class name="PHP_PMD_Node_AbstractMethodOrFunction" namespace="global" fullPackage="PHP_PMD.Node" category="PHP" package="PHP_PMD" subpackage="Node">
        <metrics methods="2" coveredmethods="0" statements="3" coveredstatements="0" elements="5" coveredelements="0"/>
      </class>
      <line num="70" type="method" name="__construct" count="0"/>
      <line num="72" type="stmt" count="0"/>
      <line num="73" type="stmt" count="0"/>
      <line num="80" type="method" name="getParameterCount" count="0"/>
      <line num="82" type="stmt" count="0"/>
      <metrics loc="83" ncloc="15" classes="1" methods="2" coveredmethods="0" statements="3" coveredstatements="0" elements="5" coveredelements="0"/>
    </file>
    <file name="/home/manu/Desktop/workspace/PHP_PMD-git/source/PHP/PMD/RuleSet.php">
      <class name="PHP_PMD_RuleSet" namespace="global" fullPackage="PHP_PMD" category="PHP" package="PHP_PMD">
        <metrics methods="13" coveredmethods="3" statements="41" coveredstatements="20" elements="54" coveredelements="23"/>
      </class>
      <line num="118" type="method" name="getFileName" count="0"/>
      <line num="120" type="stmt" count="0"/>
      <line num="130" type="method" name="setFileName" count="0"/>
      <line num="132" type="stmt" count="0"/>
      <line num="133" type="stmt" count="0"/>
      <line num="140" type="method" name="getName" count="0"/>
      <line num="142" type="stmt" count="0"/>
      <line num="152" type="method" name="setName" count="0"/>
      <line num="154" type="stmt" count="0"/>
      <line num="155" type="stmt" count="0"/>
      <line num="162" type="method" name="getDescription" count="0"/>
      <line num="164" type="stmt" count="0"/>
      <line num="174" type="method" name="setDescription" count="0"/>
      <line num="176" type="stmt" count="0"/>
      <line num="177" type="stmt" count="0"/>
      <line num="184" type="method" name="getReport" count="0"/>
      <line num="186" type="stmt" count="0"/>
      <line num="196" type="method" name="setReport" count="0"/>
      <line num="198" type="stmt" count="0"/>
      <line num="199" type="stmt" count="0"/>
      <line num="208" type="method" name="getRuleByName" count="2"/>
      <line num="210" type="stmt" count="2"/>
      <line num="211" type="stmt" count="1"/>
      <line num="212" type="stmt" count="1"/>
      <line num="214" type="stmt" count="2"/>
      <line num="215" type="stmt" count="1"/>
      <line num="224" type="method" name="getRules" count="2"/>
      <line num="226" type="stmt" count="2"/>
      <line num="227" type="stmt" count="2"/>
      <line num="228" type="stmt" count="2"/>
      <line num="229" type="stmt" count="1"/>
      <line num="230" type="stmt" count="1"/>
      <line num="231" type="stmt" count="1"/>
      <line num="232" type="stmt" count="2"/>
      <line num="233" type="stmt" count="2"/>
      <line num="235" type="stmt" count="2"/>
      <line num="245" type="method" name="addRule" count="1"/>
      <line num="247" type="stmt" count="1"/>
      <line num="248" type="stmt" count="1"/>
      <line num="249" type="stmt" count="1"/>
      <line num="250" type="stmt" count="1"/>
      <line num="251" type="stmt" count="1"/>
      <line num="252" type="stmt" count="1"/>
      <line num="261" type="method" name="apply" count="0"/>
      <line num="264" type="stmt" count="0"/>
      <line num="267" type="stmt" count="0"/>
      <line num="268" type="stmt" count="0"/>
      <line num="272" type="stmt" count="0"/>
      <line num="273" type="stmt" count="0"/>
      <line num="274" type="stmt" count="0"/>
      <line num="275" type="stmt" count="0"/>
      <line num="276" type="stmt" count="0"/>
      <line num="283" type="method" name="getIterator" count="0"/>
      <line num="285" type="stmt" count="0"/>
      <metrics loc="286" ncloc="114" classes="1" methods="13" coveredmethods="3" statements="41" coveredstatements="20" elements="54" coveredelements="23"/>
    </file>
    <file name="/home/manu/Desktop/workspace/PHP_PMD-git/source/PHP/PMD/Node/Function.php">
      <class name="PHP_PMD_Node_Function" namespace="global" fullPackage="PHP_PMD.Node" category="PHP" package="PHP_PMD" subpackage="Node">
        <metrics methods="3" coveredmethods="0" statements="4" coveredstatements="0" elements="7" coveredelements="0"/>
      </class>
      <line num="70" type="method" name="__construct" count="0"/>
      <line num="72" type="stmt" count="0"/>
      <line num="73" type="stmt" count="0"/>
      <line num="80" type="method" name="getPackageName" count="0"/>
      <line num="82" type="stmt" count="0"/>
      <line num="91" type="method" name="getParentName" count="0"/>
      <line num="93" type="stmt" count="0"/>
      <metrics loc="94" ncloc="20" classes="1" methods="3" coveredmethods="0" statements="4" coveredstatements="0" elements="7" coveredelements="0"/>
    </file>
    <file name="/home/manu/Desktop/workspace/PHP_PMD-git/source/PHP/PMD/Rule/CyclomaticComplexity.php">
      <class name="PHP_PMD_Rule_CyclomaticComplexity" namespace="global" fullPackage="PHP_PMD.Rule" category="PHP" package="PHP_PMD" subpackage="Rule">
        <metrics methods="1" coveredmethods="0" statements="5" coveredstatements="0" elements="6" coveredelements="0"/>
      </class>
      <line num="79" type="method" name="apply" count="0"/>
      <line num="81" type="stmt" count="0"/>
      <line num="82" type="stmt" count="0"/>
      <line num="83" type="stmt" count="0"/>
      <line num="86" type="stmt" count="0"/>
      <line num="87" type="stmt" count="0"/>
      <metrics loc="87" ncloc="20" classes="1" methods="1" coveredmethods="0" statements="5" coveredstatements="0" elements="6" coveredelements="0"/>
    </file>
    <file name="/home/manu/Desktop/workspace/PHP_PMD-git/source/PHP/PMD/Node/Interface.php">
      <class name="PHP_PMD_Node_Interface" namespace="global" fullPackage="PHP_PMD.Node" category="PHP" package="PHP_PMD" subpackage="Node">
        <metrics methods="1" coveredmethods="0" statements="1" coveredstatements="0" elements="2" coveredelements="0"/>
      </class>
      <line num="70" type="method" name="getPropertyCount" count="0"/>
      <line num="72" type="stmt" count="0"/>
      <metrics loc="73" ncloc="10" classes="1" methods="1" coveredmethods="0" statements="1" coveredstatements="0" elements="2" coveredelements="0"/>
    </file>
    <file name="/home/manu/Desktop/workspace/PHP_PMD-git/source/PHP/PMD/Rule/Design/LongMethod.php">
      <class name="PHP_PMD_Rule_Design_LongMethod" namespace="global" fullPackage="PHP_PMD.Rule_Design" category="PHP" package="PHP_PMD" subpackage="Rule_Design">
        <metrics methods="1" coveredmethods="0" statements="7" coveredstatements="0" elements="8" coveredelements="0"/>
      </class>
      <line num="79" type="method" name="apply" count="0"/>
      <line num="81" type="stmt" count="0"/>
      <line num="82" type="stmt" count="0"/>
      <line num="83" type="stmt" count="0"/>
      <line num="86" type="stmt" count="0"/>
      <line num="87" type="stmt" count="0"/>
      <line num="89" type="stmt" count="0"/>
      <line num="90" type="stmt" count="0"/>
      <metrics loc="90" ncloc="23" classes="1" methods="1" coveredmethods="0" statements="7" coveredstatements="0" elements="8" coveredelements="0"/>
    </file>
    <file name="/home/manu/Desktop/workspace/PHP_PMD-git/source/PHP/PMD/TextUI/CommandLineOptions.php">
      <class name="PHP_PMD_TextUI_CommandLineOptions" namespace="global" fullPackage="PHP_PMD.TextUI" category="PHP" package="PHP_PMD" subpackage="TextUI">
        <metrics methods="10" coveredmethods="0" statements="60" coveredstatements="0" elements="70" coveredelements="0"/>
      </class>
      <line num="49" type="stmt" count="0"/>
      <line num="65" type="stmt" count="0"/>
      <line num="125" type="method" name="__construct" count="0"/>
      <line num="128" type="stmt" count="0"/>
      <line num="130" type="stmt" count="0"/>
      <line num="131" type="stmt" count="0"/>
      <line num="134" type="stmt" count="0"/>
      <line num="135" type="stmt" count="0"/>
      <line num="136" type="stmt" count="0"/>
      <line num="138" type="stmt" count="0"/>
      <line num="141" type="stmt" count="0"/>
      <line num="142" type="stmt" count="0"/>
      <line num="143" type="stmt" count="0"/>
      <line num="145" type="stmt" count="0"/>
      <line num="146" type="stmt" count="0"/>
      <line num="147" type="stmt" count="0"/>
      <line num="149" type="stmt" count="0"/>
      <line num="150" type="stmt" count="0"/>
      <line num="151" type="stmt" count="0"/>
      <line num="153" type="stmt" count="0"/>
      <line num="154" type="stmt" count="0"/>
      <line num="155" type="stmt" count="0"/>
      <line num="157" type="stmt" count="0"/>
      <line num="158" type="stmt" count="0"/>
      <line num="165" type="method" name="getInputPath" count="0"/>
      <line num="167" type="stmt" count="0"/>
      <line num="175" type="method" name="getReportFormat" count="0"/>
      <line num="177" type="stmt" count="0"/>
      <line num="186" type="method" name="getReportFile" count="0"/>
      <line num="188" type="stmt" count="0"/>
      <line num="196" type="method" name="getRuleSets" count="0"/>
      <line num="198" type="stmt" count="0"/>
      <line num="206" type="method" name="getMinimumPriority" count="0"/>
      <line num="208" type="stmt" count="0"/>
      <line num="217" type="method" name="getExtensions" count="0"/>
      <line num="219" type="stmt" count="0"/>
      <line num="228" type="method" name="getIgnore" count="0"/>
      <line num="230" type="stmt" count="0"/>
      <line num="246" type="method" name="createRenderer" count="0"/>
      <line num="248" type="stmt" count="0"/>
      <line num="250" type="stmt" count="0"/>
      <line num="251" type="stmt" count="0"/>
      <line num="252" type="stmt" count="0"/>
      <line num="254" type="stmt" count="0"/>
      <line num="255" type="stmt" count="0"/>
      <line num="258" type="stmt" count="0"/>
      <line num="260" type="stmt" count="0"/>
      <line num="261" type="stmt" count="0"/>
      <line num="263" type="stmt" count="0"/>
      <line num="264" type="stmt" count="0"/>
      <line num="266" type="stmt" count="0"/>
      <line num="268" type="stmt" count="0"/>
      <line num="270" type="stmt" count="0"/>
      <line num="272" type="stmt" count="0"/>
      <line num="273" type="stmt" count="0"/>
      <line num="274" type="stmt" count="0"/>
      <line num="282" type="method" name="usage" count="0"/>
      <line num="284" type="stmt" count="0"/>
      <line num="285" type="stmt" count="0"/>
      <line num="286" type="stmt" count="0"/>
      <line num="287" type="stmt" count="0"/>
      <line num="288" type="stmt" count="0"/>
      <line num="289" type="stmt" count="0"/>
      <line num="290" type="stmt" count="0"/>
      <line num="291" type="stmt" count="0"/>
      <line num="292" type="stmt" count="0"/>
      <line num="293" type="stmt" count="0"/>
      <line num="294" type="stmt" count="0"/>
      <line num="295" type="stmt" count="0"/>
      <line num="296" type="stmt" count="0"/>
      <line num="297" type="stmt" count="0"/>
      <line num="298" type="stmt" count="0"/>
      <line num="300" type="stmt" count="0"/>
      <metrics loc="299" ncloc="137" classes="1" methods="10" coveredmethods="0" statements="63" coveredstatements="0" elements="73" coveredelements="0"/>
    </file>
    <file name="/home/manu/Desktop/workspace/PHP_PMD-git/source/PHP/PMD/TextUI/Command.php">
      <class name="PHP_PMD_TextUI_Command" namespace="global" fullPackage="PHP_PMD.TextUI" category="PHP" package="PHP_PMD" subpackage="TextUI">
        <metrics methods="2" coveredmethods="0" statements="28" coveredstatements="0" elements="30" coveredelements="0"/>
      </class>
      <line num="49" type="stmt" count="0"/>
      <line num="50" type="stmt" count="0"/>
      <line num="65" type="stmt" count="0"/>
      <line num="75" type="method" name="run" count="0"/>
      <line num="78" type="stmt" count="0"/>
      <line num="79" type="stmt" count="0"/>
      <line num="80" type="stmt" count="0"/>
      <line num="81" type="stmt" count="0"/>
      <line num="85" type="stmt" count="0"/>
      <line num="86" type="stmt" count="0"/>
      <line num="89" type="stmt" count="0"/>
      <line num="90" type="stmt" count="0"/>
      <line num="92" type="stmt" count="0"/>
      <line num="94" type="stmt" count="0"/>
      <line num="95" type="stmt" count="0"/>
      <line num="96" type="stmt" count="0"/>
      <line num="97" type="stmt" count="0"/>
      <line num="99" type="stmt" count="0"/>
      <line num="100" type="stmt" count="0"/>
      <line num="101" type="stmt" count="0"/>
      <line num="102" type="stmt" count="0"/>
      <line num="104" type="stmt" count="0"/>
      <line num="105" type="stmt" count="0"/>
      <line num="106" type="stmt" count="0"/>
      <line num="107" type="stmt" count="0"/>
      <line num="109" type="stmt" count="0"/>
      <line num="110" type="stmt" count="0"/>
      <line num="120" type="method" name="main" count="0"/>
      <line num="123" type="stmt" count="0"/>
      <line num="125" type="stmt" count="0"/>
      <line num="126" type="stmt" count="0"/>
      <line num="127" type="stmt" count="0"/>
      <line num="131" type="stmt" count="0"/>
      <line num="133" type="stmt" count="0"/>
      <metrics loc="132" ncloc="51" classes="1" methods="2" coveredmethods="0" statements="32" coveredstatements="0" elements="34" coveredelements="0"/>
    </file>
    <metrics files="27" loc="4164" ncloc="1446" classes="27" methods="131" coveredmethods="19" statements="572" coveredstatements="161" elements="703" coveredelements="180"/>
  </project>
</coverage>
